<?xml version="1.0" encoding="UTF-8" standalone="no"?><testsuite errors="0" failures="0" name="Register into Buggy Cars Rating, login into the platform, select a vehicle and publish comments." skipped="0" tests="6" time="131.86" timestamp="2026-05-21 05:04:57"><testcase name="Successfully register a new user into Buggy Cars Rating."/><testcase name="Successfully login into Buggy Cars Rating."/><testcase name="Publish a comment about a vehicle."/><testcase name="Fail to register due to an existing username."/><testcase name="Fail to login due to invalid credentials."/><testcase name="Publish an empty comment successfully"/></testsuite>