<?xml version="1.0" encoding="UTF-8" standalone="no"?><testsuite errors="1" failures="3" name="Register into Buggy Cars Rating, login into the platform, select a vehicle and publish comments." skipped="0" tests="6" time="114.54" timestamp="2026-05-20 02:37:49"><testcase name="Successfully register a new user into Buggy Cars Rating."><error message="no such element: Unable to locate element: {&quot;method&quot;:&quot;xpath&quot;,&quot;selector&quot;:&quot;//div[contains(text(),'successfully')]&quot;}&#10;  (Session info: chrome=148.0.7778.178)&#10;For documentation on this error, please visit: https://www.selenium.dev/documentation/webdriver/troubleshooting/errors#nosuchelementexception&#10;Build info: version: '4.38.0', revision: '6b412e825c*'&#10;System info: os.name: 'Linux', os.arch: 'amd64', os.version: '6.18.25_1', java.version: '17.0.15'&#10;Driver info: org.openqa.selenium.chrome.ChromeDriver&#10;Command: [e7c26908e82ae386824509c8e136b490, findElement {value=//div[contains(text(),'successfully')], using=xpath}]&#10;Capabilities {acceptInsecureCerts: true, browserName: chrome, browserVersion: 148.0.7778.178, chrome: {chromedriverVersion: 148.0.7778.178 (d096af1c9e9..., userDataDir: /tmp/org.chromium.Chromium....}, fedcm:accounts: true, goog:chromeOptions: {debuggerAddress: localhost:35325}, goog:processID: 11644, networkConnectionEnabled: false, pageLoadStrategy: normal, platformName: linux, proxy: Proxy(), se:cdp: ws://localhost:35325/devtoo..., se:cdpVersion: 148.0.7778.178, setWindowRect: true, strictFileInteractability: false, timeouts: {implicit: 0, pageLoad: 300000, script: 30000}, unhandledPromptBehavior: dismiss and notify, webauthn:extension:credBlob: true, webauthn:extension:largeBlob: true, webauthn:extension:minPinLength: true, webauthn:extension:prf: true, webauthn:virtualAuthenticators: true}&#10;Session ID: e7c26908e82ae386824509c8e136b490" type="org.openqa.selenium.NoSuchElementException">no such element: Unable to locate element: {"method":"xpath","selector":"//div[contains(text(),'successfully')]"}
  (Session info: chrome=148.0.7778.178)
For documentation on this error, please visit: https://www.selenium.dev/documentation/webdriver/troubleshooting/errors#nosuchelementexception
Build info: version: '4.38.0', revision: '6b412e825c*'
System info: os.name: 'Linux', os.arch: 'amd64', os.version: '6.18.25_1', java.version: '17.0.15'
Driver info: org.openqa.selenium.chrome.ChromeDriver
Command: [e7c26908e82ae386824509c8e136b490, findElement {value=//div[contains(text(),'successfully')], using=xpath}]
Capabilities {acceptInsecureCerts: true, browserName: chrome, browserVersion: 148.0.7778.178, chrome: {chromedriverVersion: 148.0.7778.178 (d096af1c9e9..., userDataDir: /tmp/org.chromium.Chromium....}, fedcm:accounts: true, goog:chromeOptions: {debuggerAddress: localhost:35325}, goog:processID: 11644, networkConnectionEnabled: false, pageLoadStrategy: normal, platformName: linux, proxy: Proxy(), se:cdp: ws://localhost:35325/devtoo..., se:cdpVersion: 148.0.7778.178, setWindowRect: true, strictFileInteractability: false, timeouts: {implicit: 0, pageLoad: 300000, script: 30000}, unhandledPromptBehavior: dismiss and notify, webauthn:extension:credBlob: true, webauthn:extension:largeBlob: true, webauthn:extension:minPinLength: true, webauthn:extension:prf: true, webauthn:virtualAuthenticators: true}
Session ID: e7c26908e82ae386824509c8e136b490</error><system-err>no such element: Unable to locate element: {"method":"xpath","selector":"//div[contains(text(),'successfully')]"}
  (Session info: chrome=148.0.7778.178)
For documentation on this error, please visit: https://www.selenium.dev/documentation/webdriver/troubleshooting/errors#nosuchelementexception
Build info: version: '4.38.0', revision: '6b412e825c*'
System info: os.name: 'Linux', os.arch: 'amd64', os.version: '6.18.25_1', java.version: '17.0.15'
Driver info: org.openqa.selenium.chrome.ChromeDriver
Command: [e7c26908e82ae386824509c8e136b490, findElement {value=//div[contains(text(),'successfully')], using=xpath}]
Capabilities {acceptInsecureCerts: true, browserName: chrome, browserVersion: 148.0.7778.178, chrome: {chromedriverVersion: 148.0.7778.178 (d096af1c9e9..., userDataDir: /tmp/org.chromium.Chromium....}, fedcm:accounts: true, goog:chromeOptions: {debuggerAddress: localhost:35325}, goog:processID: 11644, networkConnectionEnabled: false, pageLoadStrategy: normal, platformName: linux, proxy: Proxy(), se:cdp: ws://localhost:35325/devtoo..., se:cdpVersion: 148.0.7778.178, setWindowRect: true, strictFileInteractability: false, timeouts: {implicit: 0, pageLoad: 300000, script: 30000}, unhandledPromptBehavior: dismiss and notify, webauthn:extension:credBlob: true, webauthn:extension:largeBlob: true, webauthn:extension:minPinLength: true, webauthn:extension:prf: true, webauthn:virtualAuthenticators: true}
Session ID: e7c26908e82ae386824509c8e136b490
co.edu.udea.buggyrating.questions.ValidationFor.answeredBy(ValidationFor.java:25)
co.edu.udea.buggyrating.questions.ValidationFor.answeredBy(ValidationFor.java:12)
co.edu.udea.buggyrating.stepdefinitions.SignUpStepDefinition.iCanSeeThatMyAccountWasSuccessfullyCreated(SignUpStepDefinition.java:89)
worker.org.gradle.process.internal.worker.GradleWorkerMain.run(GradleWorkerMain.java:69)
worker.org.gradle.process.internal.worker.GradleWorkerMain.main(GradleWorkerMain.java:74)
</system-err></testcase><testcase name="Successfully login into Buggy Cars Rating."><failure message="&#10;Expected: a string containing &quot;Hi&quot;&#10;     but: was &quot;Buggy Rating&quot;" type="java.lang.AssertionError">
Expected: a string containing "Hi"
     but: was "Buggy Rating"</failure><system-err>
Expected: a string containing "Hi"
     but: was "Buggy Rating"
co.edu.udea.buggyrating.stepdefinitions.LoginStepDefinition.iCanAccessTheBuggyCarsRatingPlatform(LoginStepDefinition.java:89)
worker.org.gradle.process.internal.worker.GradleWorkerMain.run(GradleWorkerMain.java:69)
worker.org.gradle.process.internal.worker.GradleWorkerMain.main(GradleWorkerMain.java:74)
</system-err></testcase><testcase name="Publish a comment about a vehicle."><failure message="Expected condition failed: waiting for By.xpath: //img[contains(@src,'lamborghini')] to be present (tried for 5 second(s) with 100 milliseconds interval)&#10;Build info: version: '4.38.0', revision: '6b412e825c*'&#10;System info: os.name: 'Linux', os.arch: 'amd64', os.version: '6.18.25_1', java.version: '17.0.15'&#10;Driver info: driver.version: unknown" type="net.thucydides.core.webdriver.exceptions.ElementShouldBePresentException">Expected condition failed: waiting for By.xpath: //img[contains(@src,'lamborghini')] to be present (tried for 5 second(s) with 100 milliseconds interval)
Build info: version: '4.38.0', revision: '6b412e825c*'
System info: os.name: 'Linux', os.arch: 'amd64', os.version: '6.18.25_1', java.version: '17.0.15'
Driver info: driver.version: unknown</failure><system-err>Expected condition failed: waiting for By.xpath: //img[contains(@src,'lamborghini')] to be present (tried for 5 second(s) with 100 milliseconds interval)
Build info: version: '4.38.0', revision: '6b412e825c*'
System info: os.name: 'Linux', os.arch: 'amd64', os.version: '6.18.25_1', java.version: '17.0.15'
Driver info: driver.version: unknown
co.edu.udea.buggyrating.interactions.ClickOn.performAs(ClickOn.java:19)
co.edu.udea.buggyrating.tasks.SelectCar.performAs(SelectCar.java:14)
co.edu.udea.buggyrating.stepdefinitions.CommentStepDefinition.iSelectAVehicle(CommentStepDefinition.java:59)
worker.org.gradle.process.internal.worker.GradleWorkerMain.run(GradleWorkerMain.java:69)
worker.org.gradle.process.internal.worker.GradleWorkerMain.main(GradleWorkerMain.java:74)
</system-err></testcase><testcase name="Fail to register due to an existing username."/><testcase name="Fail to login due to invalid credentials."/><testcase name="Fail to publish an empty comment."><failure message="Expected condition failed: waiting for By.xpath: //img[contains(@src,'lamborghini')] to be present (tried for 5 second(s) with 100 milliseconds interval)&#10;Build info: version: '4.38.0', revision: '6b412e825c*'&#10;System info: os.name: 'Linux', os.arch: 'amd64', os.version: '6.18.25_1', java.version: '17.0.15'&#10;Driver info: driver.version: unknown" type="net.thucydides.core.webdriver.exceptions.ElementShouldBePresentException">Expected condition failed: waiting for By.xpath: //img[contains(@src,'lamborghini')] to be present (tried for 5 second(s) with 100 milliseconds interval)
Build info: version: '4.38.0', revision: '6b412e825c*'
System info: os.name: 'Linux', os.arch: 'amd64', os.version: '6.18.25_1', java.version: '17.0.15'
Driver info: driver.version: unknown</failure><system-err>Expected condition failed: waiting for By.xpath: //img[contains(@src,'lamborghini')] to be present (tried for 5 second(s) with 100 milliseconds interval)
Build info: version: '4.38.0', revision: '6b412e825c*'
System info: os.name: 'Linux', os.arch: 'amd64', os.version: '6.18.25_1', java.version: '17.0.15'
Driver info: driver.version: unknown
co.edu.udea.buggyrating.interactions.ClickOn.performAs(ClickOn.java:19)
co.edu.udea.buggyrating.tasks.SelectCar.performAs(SelectCar.java:14)
co.edu.udea.buggyrating.stepdefinitions.CommentStepDefinition.iSelectAVehicle(CommentStepDefinition.java:59)
worker.org.gradle.process.internal.worker.GradleWorkerMain.run(GradleWorkerMain.java:69)
worker.org.gradle.process.internal.worker.GradleWorkerMain.main(GradleWorkerMain.java:74)
</system-err></testcase></testsuite>